<?xml version="1.0" encoding="UTF-8"?>
<!-- Generated by org.testng.reporters.JUnitReportReporter -->
<testsuite hostname="DESKTOP-0M88CL7" failures="0" tests="1" name="TestNGImplimentation.CreateNewOrganization" time="15.952" errors="0" timestamp="2022-11-30T12:28:00 EST" skipped="0">
  <testcase classname="TestNGImplimentation.CreateNewOrganization" name="CreatenewOrganization" time="15.952"/>
  <system-out/>
</testsuite> <!-- TestNGImplimentation.CreateNewOrganization -->
